<?xml version="1.0" encoding="UTF-8"?>
<!-- Generated by org.testng.reporters.JUnitReportReporter -->
<testsuite hostname="DESK-VICKY" failures="0" tests="1" name="com.SeleniumMasterMaven.CalendarAutomationTest" time="0.022" errors="0" timestamp="2022-09-07T21:24:28 IST" skipped="0">
  <testcase classname="com.SeleniumMasterMaven.CalendarAutomationTest" name="CalendarAuto" time="0.022"/>
  <system-out/>
</testsuite> <!-- com.SeleniumMasterMaven.CalendarAutomationTest -->
